2023-09-19 09:58:25.340  INFO 6960 --- [main] com.example.Application                  : Starting Application on jutta with PID 6960 (C:\Users\LIBERTY\Desktop\TeamB\7TeamB\Beeeee\target\classes started by LIBERTY in C:\Users\LIBERTY\Desktop\TeamB\7TeamB\Beeeee)
2023-09-19 09:58:25.352  INFO 6960 --- [main] com.example.Application                  : No active profile set, falling back to default profiles: default
2023-09-19 09:58:25.989  WARN 6960 --- [main] o.m.s.mapper.ClassPathMapperScanner      : No MyBatis mapper was found in '[com.example]' package. Please check your configuration.
2023-09-19 09:58:26.574  INFO 6960 --- [main] o.s.b.w.embedded.tomcat.TomcatWebServer  : Tomcat initialized with port(s): 8888 (http)
2023-09-19 09:58:26.619  INFO 6960 --- [main] o.apache.catalina.core.StandardService   : Starting service [Tomcat]
2023-09-19 09:58:26.619  INFO 6960 --- [main] org.apache.catalina.core.StandardEngine  : Starting Servlet Engine: Apache Tomcat/9.0.12
2023-09-19 09:58:26.630  INFO 6960 --- [main] o.a.catalina.core.AprLifecycleListener   : The APR based Apache Tomcat Native library which allows optimal performance in production environments was not found on the java.library.path: [D:\develop\eclipse\sts-4.19.1.RELEASE\plugins\org.eclipse.justj.openjdk.hotspot.jre.full.win32.x86_64_17.0.7.v20230425-1502\jre\bin;C:\WINDOWS\Sun\Java\bin;C:\WINDOWS\system32;C:\WINDOWS;D:/develop/eclipse/sts-4.19.1.RELEASE//plugins/org.eclipse.justj.openjdk.hotspot.jre.full.win32.x86_64_17.0.7.v20230425-1502/jre/bin/server;D:/develop/eclipse/sts-4.19.1.RELEASE//plugins/org.eclipse.justj.openjdk.hotspot.jre.full.win32.x86_64_17.0.7.v20230425-1502/jre/bin;D:\develop\vm\vmware\bin\;C:\WINDOWS\system32;C:\WINDOWS;C:\WINDOWS\System32\Wbem;C:\WINDOWS\System32\WindowsPowerShell\v1.0\;C:\WINDOWS\System32\OpenSSH\;D:\develop\jdk1.8\bin;D:\develop\sql\mysql-8.0.27-winx64\bin;D:\develop\maven\apache-maven-3.8.6\bin;D:\app\ffmpeg\ffmpeg-2022-10-10-git-f3b5277057-essentials_build\bin;D:\develop\Git\cmd;D:\develop\xshell\;C:\Program Files\dotnet\;D:\develop\TortoiseGit\bin;D:\develop\xftp\;D:\develop\nodejs;D:\develop\ruby\Ruby30-x64\bin;D:\develop\ruby\Ruby30-x64\msys64\mingw64\bin;D:\develop\ruby\Ruby30-x64\msys64\usr\bin;D:\develop\nodejs\node_cache;D:\develop\nodejs\node_global;D:\develop\gradle\gradle-7.4.2\bin;D:\develop\ruby\Ruby30-x64\bin;C:\Program Files (x86)\Common Files\Oracle\Java\javapath;D:\develop\vm\vmware\bin\;C:\WINDOWS\system32;C:\WINDOWS;C:\WINDOWS\System32\Wbem;C:\WINDOWS\System32\WindowsPowerShell\v1.0\;C:\WINDOWS\System32\OpenSSH\;D:\develop\jdk1.8\bin;D:\develop\sql\mysql-8.0.27-winx64\bin;D:\develop\maven\apache-maven-3.8.6\bin;D:\app\ffmpeg\ffmpeg-2022-10-10-git-f3b5277057-essentials_build\bin;D:\develop\Git\cmd;D:\develop\xshell\;C:\Program Files\dotnet\;D:\develop\TortoiseGit\bin;D:\develop\nodejs\node_global;D:\develop\xftp\;D:\develop\nodejs\;D:\develop\Microsoft VS Code\bin;D:\develop\eclipse\sts-4.19.1.RELEASE;;.]
2023-09-19 09:58:26.723  INFO 6960 --- [main] o.a.c.c.C.[Tomcat].[localhost].[/]       : Initializing Spring embedded WebApplicationContext
2023-09-19 09:58:26.723  INFO 6960 --- [main] o.s.web.context.ContextLoader            : Root WebApplicationContext: initialization completed in 1315 ms
2023-09-19 09:58:26.748  INFO 6960 --- [main] o.s.b.w.servlet.ServletRegistrationBean  : Servlet dispatcherServlet mapped to [/]
2023-09-19 09:58:26.753  INFO 6960 --- [main] o.s.b.w.servlet.FilterRegistrationBean   : Mapping filter: 'characterEncodingFilter' to: [/*]
2023-09-19 09:58:26.753  INFO 6960 --- [main] o.s.b.w.servlet.FilterRegistrationBean   : Mapping filter: 'hiddenHttpMethodFilter' to: [/*]
2023-09-19 09:58:26.753  INFO 6960 --- [main] o.s.b.w.servlet.FilterRegistrationBean   : Mapping filter: 'formContentFilter' to: [/*]
2023-09-19 09:58:26.754  INFO 6960 --- [main] o.s.b.w.servlet.FilterRegistrationBean   : Mapping filter: 'requestContextFilter' to: [/*]
2023-09-19 09:58:27.202  WARN 6960 --- [main] ConfigServletWebServerApplicationContext : Exception encountered during context initialization - cancelling refresh attempt: org.springframework.beans.factory.BeanCreationException: Error creating bean with name 'inquiryController': Lookup method resolution failed; nested exception is java.lang.IllegalStateException: Failed to introspect Class [com.example.controller.InquiryController] from ClassLoader [jdk.internal.loader.ClassLoaders$AppClassLoader@2f333739]
2023-09-19 09:58:27.205  INFO 6960 --- [main] o.apache.catalina.core.StandardService   : Stopping service [Tomcat]
2023-09-19 09:58:27.216 ERROR 6960 --- [main] org.apache.catalina.core.ContainerBase   : A child container failed during stop

java.util.concurrent.ExecutionException: org.apache.catalina.LifecycleException: Failed to stop component [WebappLoader[StandardEngine[Tomcat].StandardHost[localhost].TomcatEmbeddedContext[]]]
	at java.base/java.util.concurrent.FutureTask.report(FutureTask.java:122) ~[na:na]
	at java.base/java.util.concurrent.FutureTask.get(FutureTask.java:191) ~[na:na]
	at org.apache.catalina.core.ContainerBase.stopInternal(ContainerBase.java:1007) ~[tomcat-embed-core-9.0.12.jar:9.0.12]
	at org.apache.catalina.util.LifecycleBase.stop(LifecycleBase.java:257) ~[tomcat-embed-core-9.0.12.jar:9.0.12]
	at org.apache.catalina.core.ContainerBase$StopChild.call(ContainerBase.java:1445) ~[tomcat-embed-core-9.0.12.jar:9.0.12]
	at org.apache.catalina.core.ContainerBase$StopChild.call(ContainerBase.java:1434) ~[tomcat-embed-core-9.0.12.jar:9.0.12]
	at java.base/java.util.concurrent.FutureTask.run(FutureTask.java:264) ~[na:na]
	at org.apache.tomcat.util.threads.InlineExecutorService.execute(InlineExecutorService.java:75) ~[tomcat-embed-core-9.0.12.jar:9.0.12]
	at java.base/java.util.concurrent.AbstractExecutorService.submit(AbstractExecutorService.java:145) ~[na:na]
	at org.apache.catalina.core.ContainerBase.stopInternal(ContainerBase.java:1001) ~[tomcat-embed-core-9.0.12.jar:9.0.12]
	at org.apache.catalina.util.LifecycleBase.stop(LifecycleBase.java:257) ~[tomcat-embed-core-9.0.12.jar:9.0.12]
	at org.apache.catalina.core.StandardService.stopInternal(StandardService.java:474) ~[tomcat-embed-core-9.0.12.jar:9.0.12]
	at org.apache.catalina.util.LifecycleBase.stop(LifecycleBase.java:257) ~[tomcat-embed-core-9.0.12.jar:9.0.12]
	at org.apache.catalina.core.StandardServer.stopInternal(StandardServer.java:791) ~[tomcat-embed-core-9.0.12.jar:9.0.12]
	at org.apache.catalina.util.LifecycleBase.stop(LifecycleBase.java:257) ~[tomcat-embed-core-9.0.12.jar:9.0.12]
	at org.apache.catalina.startup.Tomcat.stop(Tomcat.java:380) ~[tomcat-embed-core-9.0.12.jar:9.0.12]
	at org.springframework.boot.web.embedded.tomcat.TomcatWebServer.stopTomcat(TomcatWebServer.java:250) ~[spring-boot-2.1.0.RELEASE.jar:2.1.0.RELEASE]
	at org.springframework.boot.web.embedded.tomcat.TomcatWebServer.stop(TomcatWebServer.java:306) ~[spring-boot-2.1.0.RELEASE.jar:2.1.0.RELEASE]
	at org.springframework.boot.web.servlet.context.ServletWebServerApplicationContext.stopAndReleaseWebServer(ServletWebServerApplicationContext.java:309) ~[spring-boot-2.1.0.RELEASE.jar:2.1.0.RELEASE]
	at org.springframework.boot.web.servlet.context.ServletWebServerApplicationContext.refresh(ServletWebServerApplicationContext.java:143) ~[spring-boot-2.1.0.RELEASE.jar:2.1.0.RELEASE]
	at org.springframework.boot.SpringApplication.refresh(SpringApplication.java:775) ~[spring-boot-2.1.0.RELEASE.jar:2.1.0.RELEASE]
	at org.springframework.boot.SpringApplication.refreshContext(SpringApplication.java:397) ~[spring-boot-2.1.0.RELEASE.jar:2.1.0.RELEASE]
	at org.springframework.boot.SpringApplication.run(SpringApplication.java:316) ~[spring-boot-2.1.0.RELEASE.jar:2.1.0.RELEASE]
	at org.springframework.boot.SpringApplication.run(SpringApplication.java:1260) ~[spring-boot-2.1.0.RELEASE.jar:2.1.0.RELEASE]
	at org.springframework.boot.SpringApplication.run(SpringApplication.java:1248) ~[spring-boot-2.1.0.RELEASE.jar:2.1.0.RELEASE]
	at com.example.Application.main(Application.java:16) ~[classes/:na]
Caused by: org.apache.catalina.LifecycleException: Failed to stop component [WebappLoader[StandardEngine[Tomcat].StandardHost[localhost].TomcatEmbeddedContext[]]]
	at org.apache.catalina.util.LifecycleBase.handleSubClassException(LifecycleBase.java:441) ~[tomcat-embed-core-9.0.12.jar:9.0.12]
	at org.apache.catalina.util.LifecycleBase.stop(LifecycleBase.java:267) ~[tomcat-embed-core-9.0.12.jar:9.0.12]
	at org.apache.catalina.core.StandardContext.stopInternal(StandardContext.java:5367) ~[tomcat-embed-core-9.0.12.jar:9.0.12]
	at org.apache.catalina.util.LifecycleBase.stop(LifecycleBase.java:257) ~[tomcat-embed-core-9.0.12.jar:9.0.12]
	at org.apache.catalina.core.ContainerBase$StopChild.call(ContainerBase.java:1445) ~[tomcat-embed-core-9.0.12.jar:9.0.12]
	at org.apache.catalina.core.ContainerBase$StopChild.call(ContainerBase.java:1434) ~[tomcat-embed-core-9.0.12.jar:9.0.12]
	at java.base/java.util.concurrent.FutureTask.run(FutureTask.java:264) ~[na:na]
	at org.apache.tomcat.util.threads.InlineExecutorService.execute(InlineExecutorService.java:75) ~[tomcat-embed-core-9.0.12.jar:9.0.12]
	at java.base/java.util.concurrent.AbstractExecutorService.submit(AbstractExecutorService.java:145) ~[na:na]
	at org.apache.catalina.core.ContainerBase.stopInternal(ContainerBase.java:1001) ~[tomcat-embed-core-9.0.12.jar:9.0.12]
	... 23 common frames omitted
Caused by: java.lang.reflect.InaccessibleObjectException: Unable to make field static final java.io.ClassCache java.io.ObjectStreamClass$Caches.localDescs accessible: module java.base does not "opens java.io" to unnamed module @69e153c5
	at java.base/java.lang.reflect.AccessibleObject.checkCanSetAccessible(AccessibleObject.java:354) ~[na:na]
	at java.base/java.lang.reflect.AccessibleObject.checkCanSetAccessible(AccessibleObject.java:297) ~[na:na]
	at java.base/java.lang.reflect.Field.checkCanSetAccessible(Field.java:178) ~[na:na]
	at java.base/java.lang.reflect.Field.setAccessible(Field.java:172) ~[na:na]
	at org.apache.catalina.loader.WebappClassLoaderBase.clearCache(WebappClassLoaderBase.java:2206) ~[tomcat-embed-core-9.0.12.jar:9.0.12]
	at org.apache.catalina.loader.WebappClassLoaderBase.clearReferencesObjectStreamClassCaches(WebappClassLoaderBase.java:2194) ~[tomcat-embed-core-9.0.12.jar:9.0.12]
	at org.apache.catalina.loader.WebappClassLoaderBase.clearReferences(WebappClassLoaderBase.java:1567) ~[tomcat-embed-core-9.0.12.jar:9.0.12]
	at org.apache.catalina.loader.WebappClassLoaderBase.stop(WebappClassLoaderBase.java:1497) ~[tomcat-embed-core-9.0.12.jar:9.0.12]
	at org.apache.catalina.loader.WebappLoader.stopInternal(WebappLoader.java:442) ~[tomcat-embed-core-9.0.12.jar:9.0.12]
	at org.apache.catalina.util.LifecycleBase.stop(LifecycleBase.java:257) ~[tomcat-embed-core-9.0.12.jar:9.0.12]
	... 31 common frames omitted

2023-09-19 09:58:27.217 ERROR 6960 --- [main] org.apache.catalina.core.ContainerBase   : A child container failed during stop

java.util.concurrent.ExecutionException: org.apache.catalina.LifecycleException: A child container failed during stop
	at java.base/java.util.concurrent.FutureTask.report(FutureTask.java:122) ~[na:na]
	at java.base/java.util.concurrent.FutureTask.get(FutureTask.java:191) ~[na:na]
	at org.apache.catalina.core.ContainerBase.stopInternal(ContainerBase.java:1007) ~[tomcat-embed-core-9.0.12.jar:9.0.12]
	at org.apache.catalina.util.LifecycleBase.stop(LifecycleBase.java:257) ~[tomcat-embed-core-9.0.12.jar:9.0.12]
	at org.apache.catalina.core.StandardService.stopInternal(StandardService.java:474) ~[tomcat-embed-core-9.0.12.jar:9.0.12]
	at org.apache.catalina.util.LifecycleBase.stop(LifecycleBase.java:257) ~[tomcat-embed-core-9.0.12.jar:9.0.12]
	at org.apache.catalina.core.StandardServer.stopInternal(StandardServer.java:791) ~[tomcat-embed-core-9.0.12.jar:9.0.12]
	at org.apache.catalina.util.LifecycleBase.stop(LifecycleBase.java:257) ~[tomcat-embed-core-9.0.12.jar:9.0.12]
	at org.apache.catalina.startup.Tomcat.stop(Tomcat.java:380) ~[tomcat-embed-core-9.0.12.jar:9.0.12]
	at org.springframework.boot.web.embedded.tomcat.TomcatWebServer.stopTomcat(TomcatWebServer.java:250) ~[spring-boot-2.1.0.RELEASE.jar:2.1.0.RELEASE]
	at org.springframework.boot.web.embedded.tomcat.TomcatWebServer.stop(TomcatWebServer.java:306) ~[spring-boot-2.1.0.RELEASE.jar:2.1.0.RELEASE]
	at org.springframework.boot.web.servlet.context.ServletWebServerApplicationContext.stopAndReleaseWebServer(ServletWebServerApplicationContext.java:309) ~[spring-boot-2.1.0.RELEASE.jar:2.1.0.RELEASE]
	at org.springframework.boot.web.servlet.context.ServletWebServerApplicationContext.refresh(ServletWebServerApplicationContext.java:143) ~[spring-boot-2.1.0.RELEASE.jar:2.1.0.RELEASE]
	at org.springframework.boot.SpringApplication.refresh(SpringApplication.java:775) ~[spring-boot-2.1.0.RELEASE.jar:2.1.0.RELEASE]
	at org.springframework.boot.SpringApplication.refreshContext(SpringApplication.java:397) ~[spring-boot-2.1.0.RELEASE.jar:2.1.0.RELEASE]
	at org.springframework.boot.SpringApplication.run(SpringApplication.java:316) ~[spring-boot-2.1.0.RELEASE.jar:2.1.0.RELEASE]
	at org.springframework.boot.SpringApplication.run(SpringApplication.java:1260) ~[spring-boot-2.1.0.RELEASE.jar:2.1.0.RELEASE]
	at org.springframework.boot.SpringApplication.run(SpringApplication.java:1248) ~[spring-boot-2.1.0.RELEASE.jar:2.1.0.RELEASE]
	at com.example.Application.main(Application.java:16) ~[classes/:na]
Caused by: org.apache.catalina.LifecycleException: A child container failed during stop
	at org.apache.catalina.core.ContainerBase.stopInternal(ContainerBase.java:1015) ~[tomcat-embed-core-9.0.12.jar:9.0.12]
	at org.apache.catalina.util.LifecycleBase.stop(LifecycleBase.java:257) ~[tomcat-embed-core-9.0.12.jar:9.0.12]
	at org.apache.catalina.core.ContainerBase$StopChild.call(ContainerBase.java:1445) ~[tomcat-embed-core-9.0.12.jar:9.0.12]
	at org.apache.catalina.core.ContainerBase$StopChild.call(ContainerBase.java:1434) ~[tomcat-embed-core-9.0.12.jar:9.0.12]
	at java.base/java.util.concurrent.FutureTask.run(FutureTask.java:264) ~[na:na]
	at org.apache.tomcat.util.threads.InlineExecutorService.execute(InlineExecutorService.java:75) ~[tomcat-embed-core-9.0.12.jar:9.0.12]
	at java.base/java.util.concurrent.AbstractExecutorService.submit(AbstractExecutorService.java:145) ~[na:na]
	at org.apache.catalina.core.ContainerBase.stopInternal(ContainerBase.java:1001) ~[tomcat-embed-core-9.0.12.jar:9.0.12]
	... 16 common frames omitted

2023-09-19 09:58:27.221  INFO 6960 --- [main] ConditionEvaluationReportLoggingListener : 

Error starting ApplicationContext. To display the conditions report re-run your application with 'debug' enabled.
2023-09-19 09:58:27.223 ERROR 6960 --- [main] o.s.boot.SpringApplication               : Application run failed

org.springframework.beans.factory.BeanCreationException: Error creating bean with name 'inquiryController': Lookup method resolution failed; nested exception is java.lang.IllegalStateException: Failed to introspect Class [com.example.controller.InquiryController] from ClassLoader [jdk.internal.loader.ClassLoaders$AppClassLoader@2f333739]
	at org.springframework.beans.factory.annotation.AutowiredAnnotationBeanPostProcessor.determineCandidateConstructors(AutowiredAnnotationBeanPostProcessor.java:265) ~[spring-beans-5.1.2.RELEASE.jar:5.1.2.RELEASE]
	at org.springframework.beans.factory.support.AbstractAutowireCapableBeanFactory.determineConstructorsFromBeanPostProcessors(AbstractAutowireCapableBeanFactory.java:1236) ~[spring-beans-5.1.2.RELEASE.jar:5.1.2.RELEASE]
	at org.springframework.beans.factory.support.AbstractAutowireCapableBeanFactory.createBeanInstance(AbstractAutowireCapableBeanFactory.java:1151) ~[spring-beans-5.1.2.RELEASE.jar:5.1.2.RELEASE]
	at org.springframework.beans.factory.support.AbstractAutowireCapableBeanFactory.doCreateBean(AbstractAutowireCapableBeanFactory.java:538) ~[spring-beans-5.1.2.RELEASE.jar:5.1.2.RELEASE]
	at org.springframework.beans.factory.support.AbstractAutowireCapableBeanFactory.createBean(AbstractAutowireCapableBeanFactory.java:498) ~[spring-beans-5.1.2.RELEASE.jar:5.1.2.RELEASE]
	at org.springframework.beans.factory.support.AbstractBeanFactory.lambda$doGetBean$0(AbstractBeanFactory.java:320) ~[spring-beans-5.1.2.RELEASE.jar:5.1.2.RELEASE]
	at org.springframework.beans.factory.support.DefaultSingletonBeanRegistry.getSingleton(DefaultSingletonBeanRegistry.java:222) ~[spring-beans-5.1.2.RELEASE.jar:5.1.2.RELEASE]
	at org.springframework.beans.factory.support.AbstractBeanFactory.doGetBean(AbstractBeanFactory.java:318) ~[spring-beans-5.1.2.RELEASE.jar:5.1.2.RELEASE]
	at org.springframework.beans.factory.support.AbstractBeanFactory.getBean(AbstractBeanFactory.java:199) ~[spring-beans-5.1.2.RELEASE.jar:5.1.2.RELEASE]
	at org.springframework.beans.factory.support.DefaultListableBeanFactory.preInstantiateSingletons(DefaultListableBeanFactory.java:846) ~[spring-beans-5.1.2.RELEASE.jar:5.1.2.RELEASE]
	at org.springframework.context.support.AbstractApplicationContext.finishBeanFactoryInitialization(AbstractApplicationContext.java:863) ~[spring-context-5.1.2.RELEASE.jar:5.1.2.RELEASE]
	at org.springframework.context.support.AbstractApplicationContext.refresh(AbstractApplicationContext.java:546) ~[spring-context-5.1.2.RELEASE.jar:5.1.2.RELEASE]
	at org.springframework.boot.web.servlet.context.ServletWebServerApplicationContext.refresh(ServletWebServerApplicationContext.java:140) ~[spring-boot-2.1.0.RELEASE.jar:2.1.0.RELEASE]
	at org.springframework.boot.SpringApplication.refresh(SpringApplication.java:775) ~[spring-boot-2.1.0.RELEASE.jar:2.1.0.RELEASE]
	at org.springframework.boot.SpringApplication.refreshContext(SpringApplication.java:397) ~[spring-boot-2.1.0.RELEASE.jar:2.1.0.RELEASE]
	at org.springframework.boot.SpringApplication.run(SpringApplication.java:316) ~[spring-boot-2.1.0.RELEASE.jar:2.1.0.RELEASE]
	at org.springframework.boot.SpringApplication.run(SpringApplication.java:1260) ~[spring-boot-2.1.0.RELEASE.jar:2.1.0.RELEASE]
	at org.springframework.boot.SpringApplication.run(SpringApplication.java:1248) ~[spring-boot-2.1.0.RELEASE.jar:2.1.0.RELEASE]
	at com.example.Application.main(Application.java:16) ~[classes/:na]
Caused by: java.lang.IllegalStateException: Failed to introspect Class [com.example.controller.InquiryController] from ClassLoader [jdk.internal.loader.ClassLoaders$AppClassLoader@2f333739]
	at org.springframework.util.ReflectionUtils.getDeclaredMethods(ReflectionUtils.java:680) ~[spring-core-5.1.2.RELEASE.jar:5.1.2.RELEASE]
	at org.springframework.util.ReflectionUtils.doWithMethods(ReflectionUtils.java:577) ~[spring-core-5.1.2.RELEASE.jar:5.1.2.RELEASE]
	at org.springframework.util.ReflectionUtils.doWithMethods(ReflectionUtils.java:562) ~[spring-core-5.1.2.RELEASE.jar:5.1.2.RELEASE]
	at org.springframework.beans.factory.annotation.AutowiredAnnotationBeanPostProcessor.determineCandidateConstructors(AutowiredAnnotationBeanPostProcessor.java:248) ~[spring-beans-5.1.2.RELEASE.jar:5.1.2.RELEASE]
	... 18 common frames omitted
Caused by: java.lang.NoClassDefFoundError: InquiryInfo
	at java.base/java.lang.Class.getDeclaredMethods0(Native Method) ~[na:na]
	at java.base/java.lang.Class.privateGetDeclaredMethods(Class.java:3402) ~[na:na]
	at java.base/java.lang.Class.getDeclaredMethods(Class.java:2504) ~[na:na]
	at org.springframework.util.ReflectionUtils.getDeclaredMethods(ReflectionUtils.java:662) ~[spring-core-5.1.2.RELEASE.jar:5.1.2.RELEASE]
	... 21 common frames omitted
Caused by: java.lang.ClassNotFoundException: InquiryInfo
	at java.base/jdk.internal.loader.BuiltinClassLoader.loadClass(BuiltinClassLoader.java:641) ~[na:na]
	at java.base/jdk.internal.loader.ClassLoaders$AppClassLoader.loadClass(ClassLoaders.java:188) ~[na:na]
	at java.base/java.lang.ClassLoader.loadClass(ClassLoader.java:520) ~[na:na]
	... 25 common frames omitted

2023-09-19 14:07:10.521  INFO 6480 --- [main] com.example.Application                  : Starting Application on jutta with PID 6480 (C:\Users\LIBERTY\Desktop\TeamB\7TeamB\Beeeee\target\classes started by LIBERTY in C:\Users\LIBERTY\Desktop\TeamB\7TeamB\Beeeee)
2023-09-19 14:07:10.524  INFO 6480 --- [main] com.example.Application                  : No active profile set, falling back to default profiles: default
2023-09-19 14:07:11.033  WARN 6480 --- [main] o.m.s.mapper.ClassPathMapperScanner      : No MyBatis mapper was found in '[com.example]' package. Please check your configuration.
2023-09-19 14:07:11.642  INFO 6480 --- [main] o.s.b.w.embedded.tomcat.TomcatWebServer  : Tomcat initialized with port(s): 8888 (http)
2023-09-19 14:07:11.662  INFO 6480 --- [main] o.apache.catalina.core.StandardService   : Starting service [Tomcat]
2023-09-19 14:07:11.662  INFO 6480 --- [main] org.apache.catalina.core.StandardEngine  : Starting Servlet Engine: Apache Tomcat/9.0.12
2023-09-19 14:07:11.672  INFO 6480 --- [main] o.a.catalina.core.AprLifecycleListener   : The APR based Apache Tomcat Native library which allows optimal performance in production environments was not found on the java.library.path: [D:\develop\eclipse\sts-4.19.1.RELEASE\plugins\org.eclipse.justj.openjdk.hotspot.jre.full.win32.x86_64_17.0.7.v20230425-1502\jre\bin;C:\WINDOWS\Sun\Java\bin;C:\WINDOWS\system32;C:\WINDOWS;D:/develop/eclipse/sts-4.19.1.RELEASE//plugins/org.eclipse.justj.openjdk.hotspot.jre.full.win32.x86_64_17.0.7.v20230425-1502/jre/bin/server;D:/develop/eclipse/sts-4.19.1.RELEASE//plugins/org.eclipse.justj.openjdk.hotspot.jre.full.win32.x86_64_17.0.7.v20230425-1502/jre/bin;D:\develop\vm\vmware\bin\;C:\WINDOWS\system32;C:\WINDOWS;C:\WINDOWS\System32\Wbem;C:\WINDOWS\System32\WindowsPowerShell\v1.0\;C:\WINDOWS\System32\OpenSSH\;D:\develop\jdk1.8\bin;D:\develop\sql\mysql-8.0.27-winx64\bin;D:\develop\maven\apache-maven-3.8.6\bin;D:\app\ffmpeg\ffmpeg-2022-10-10-git-f3b5277057-essentials_build\bin;D:\develop\Git\cmd;D:\develop\xshell\;C:\Program Files\dotnet\;D:\develop\TortoiseGit\bin;D:\develop\xftp\;D:\develop\nodejs;D:\develop\ruby\Ruby30-x64\bin;D:\develop\ruby\Ruby30-x64\msys64\mingw64\bin;D:\develop\ruby\Ruby30-x64\msys64\usr\bin;D:\develop\nodejs\node_cache;D:\develop\nodejs\node_global;D:\develop\gradle\gradle-7.4.2\bin;D:\develop\ruby\Ruby30-x64\bin;C:\Program Files (x86)\Common Files\Oracle\Java\javapath;D:\develop\vm\vmware\bin\;C:\WINDOWS\system32;C:\WINDOWS;C:\WINDOWS\System32\Wbem;C:\WINDOWS\System32\WindowsPowerShell\v1.0\;C:\WINDOWS\System32\OpenSSH\;D:\develop\jdk1.8\bin;D:\develop\sql\mysql-8.0.27-winx64\bin;D:\develop\maven\apache-maven-3.8.6\bin;D:\app\ffmpeg\ffmpeg-2022-10-10-git-f3b5277057-essentials_build\bin;D:\develop\Git\cmd;D:\develop\xshell\;C:\Program Files\dotnet\;D:\develop\TortoiseGit\bin;D:\develop\nodejs\node_global;D:\develop\xftp\;D:\develop\nodejs\;D:\develop\Microsoft VS Code\bin;D:\develop\eclipse\sts-4.19.1.RELEASE;;.]
2023-09-19 14:07:11.760  INFO 6480 --- [main] o.a.c.c.C.[Tomcat].[localhost].[/]       : Initializing Spring embedded WebApplicationContext
2023-09-19 14:07:11.761  INFO 6480 --- [main] o.s.web.context.ContextLoader            : Root WebApplicationContext: initialization completed in 1195 ms
2023-09-19 14:07:11.787  INFO 6480 --- [main] o.s.b.w.servlet.ServletRegistrationBean  : Servlet dispatcherServlet mapped to [/]
2023-09-19 14:07:11.790  INFO 6480 --- [main] o.s.b.w.servlet.FilterRegistrationBean   : Mapping filter: 'characterEncodingFilter' to: [/*]
2023-09-19 14:07:11.790  INFO 6480 --- [main] o.s.b.w.servlet.FilterRegistrationBean   : Mapping filter: 'hiddenHttpMethodFilter' to: [/*]
2023-09-19 14:07:11.791  INFO 6480 --- [main] o.s.b.w.servlet.FilterRegistrationBean   : Mapping filter: 'formContentFilter' to: [/*]
2023-09-19 14:07:11.791  INFO 6480 --- [main] o.s.b.w.servlet.FilterRegistrationBean   : Mapping filter: 'requestContextFilter' to: [/*]
2023-09-19 14:07:12.428  INFO 6480 --- [main] o.s.s.concurrent.ThreadPoolTaskExecutor  : Initializing ExecutorService 'applicationTaskExecutor'
2023-09-19 14:07:12.709  INFO 6480 --- [main] o.s.b.w.embedded.tomcat.TomcatWebServer  : Tomcat started on port(s): 8888 (http) with context path ''
2023-09-19 14:07:12.712  INFO 6480 --- [main] com.example.Application                  : Started Application in 2.492 seconds (JVM running for 3.109)
2023-09-19 14:07:12.715  INFO 6480 --- [main] com.example.common.config.OpenBrowser    : 项目启动成功……
2023-09-19 14:07:12.724  INFO 6480 --- [main] com.example.Application                  : |******************************************|
2023-09-19 14:07:12.724  INFO 6480 --- [main] com.example.Application                  : |*                                        *|
2023-09-19 14:07:12.724  INFO 6480 --- [main] com.example.Application                  : |*       希望不要报错！                    *|
2023-09-19 14:07:12.724  INFO 6480 --- [main] com.example.Application                  : |*                                        *|
2023-09-19 14:07:12.724  INFO 6480 --- [main] com.example.Application                  : |*                                        *|
2023-09-19 14:07:12.724  INFO 6480 --- [main] com.example.Application                  : |******************************************|
2023-09-19 14:07:13.165  INFO 6480 --- [http-nio-8888-exec-1] o.a.c.c.C.[Tomcat].[localhost].[/]       : Initializing Spring DispatcherServlet 'dispatcherServlet'
2023-09-19 14:07:13.165  INFO 6480 --- [http-nio-8888-exec-1] o.s.web.servlet.DispatcherServlet        : Initializing Servlet 'dispatcherServlet'
2023-09-19 14:07:13.177  INFO 6480 --- [http-nio-8888-exec-1] o.s.web.servlet.DispatcherServlet        : Completed initialization in 12 ms
2023-09-19 14:09:39.086  INFO 6480 --- [http-nio-8888-exec-2] com.zaxxer.hikari.HikariDataSource       : HikariPool-1 - Starting...
2023-09-19 14:09:39.204  INFO 6480 --- [http-nio-8888-exec-2] com.zaxxer.hikari.HikariDataSource       : HikariPool-1 - Start completed.
2023-09-19 16:18:55.224  INFO 6480 --- [RMI TCP Connection(136)-127.0.0.1] inMXBeanRegistrar$SpringApplicationAdmin : Application shutdown requested.
2023-09-19 16:18:55.237  INFO 6480 --- [RMI TCP Connection(136)-127.0.0.1] o.s.s.concurrent.ThreadPoolTaskExecutor  : Shutting down ExecutorService 'applicationTaskExecutor'
2023-09-19 16:18:55.239  INFO 6480 --- [RMI TCP Connection(136)-127.0.0.1] com.zaxxer.hikari.HikariDataSource       : HikariPool-1 - Shutdown initiated...
2023-09-19 16:18:55.244  INFO 6480 --- [RMI TCP Connection(136)-127.0.0.1] com.zaxxer.hikari.HikariDataSource       : HikariPool-1 - Shutdown completed.
2023-09-19 16:19:02.381  INFO 1040 --- [main] com.example.Application                  : Starting Application on jutta with PID 1040 (C:\Users\LIBERTY\Desktop\TeamB\7TeamB\Beeeee\target\classes started by LIBERTY in C:\Users\LIBERTY\Desktop\TeamB\7TeamB\Beeeee)
2023-09-19 16:19:02.384  INFO 1040 --- [main] com.example.Application                  : No active profile set, falling back to default profiles: default
2023-09-19 16:19:02.948  WARN 1040 --- [main] o.m.s.mapper.ClassPathMapperScanner      : No MyBatis mapper was found in '[com.example]' package. Please check your configuration.
2023-09-19 16:19:03.581  INFO 1040 --- [main] o.s.b.w.embedded.tomcat.TomcatWebServer  : Tomcat initialized with port(s): 8888 (http)
2023-09-19 16:19:03.607  INFO 1040 --- [main] o.apache.catalina.core.StandardService   : Starting service [Tomcat]
2023-09-19 16:19:03.607  INFO 1040 --- [main] org.apache.catalina.core.StandardEngine  : Starting Servlet Engine: Apache Tomcat/9.0.12
2023-09-19 16:19:03.620  INFO 1040 --- [main] o.a.catalina.core.AprLifecycleListener   : The APR based Apache Tomcat Native library which allows optimal performance in production environments was not found on the java.library.path: [D:\develop\eclipse\sts-4.19.1.RELEASE\plugins\org.eclipse.justj.openjdk.hotspot.jre.full.win32.x86_64_17.0.7.v20230425-1502\jre\bin;C:\WINDOWS\Sun\Java\bin;C:\WINDOWS\system32;C:\WINDOWS;D:/develop/eclipse/sts-4.19.1.RELEASE//plugins/org.eclipse.justj.openjdk.hotspot.jre.full.win32.x86_64_17.0.7.v20230425-1502/jre/bin/server;D:/develop/eclipse/sts-4.19.1.RELEASE//plugins/org.eclipse.justj.openjdk.hotspot.jre.full.win32.x86_64_17.0.7.v20230425-1502/jre/bin;D:\develop\vm\vmware\bin\;C:\WINDOWS\system32;C:\WINDOWS;C:\WINDOWS\System32\Wbem;C:\WINDOWS\System32\WindowsPowerShell\v1.0\;C:\WINDOWS\System32\OpenSSH\;D:\develop\jdk1.8\bin;D:\develop\sql\mysql-8.0.27-winx64\bin;D:\develop\maven\apache-maven-3.8.6\bin;D:\app\ffmpeg\ffmpeg-2022-10-10-git-f3b5277057-essentials_build\bin;D:\develop\Git\cmd;D:\develop\xshell\;C:\Program Files\dotnet\;D:\develop\TortoiseGit\bin;D:\develop\xftp\;D:\develop\nodejs;D:\develop\ruby\Ruby30-x64\bin;D:\develop\ruby\Ruby30-x64\msys64\mingw64\bin;D:\develop\ruby\Ruby30-x64\msys64\usr\bin;D:\develop\nodejs\node_cache;D:\develop\nodejs\node_global;D:\develop\gradle\gradle-7.4.2\bin;D:\develop\ruby\Ruby30-x64\bin;C:\Program Files (x86)\Common Files\Oracle\Java\javapath;D:\develop\vm\vmware\bin\;C:\WINDOWS\system32;C:\WINDOWS;C:\WINDOWS\System32\Wbem;C:\WINDOWS\System32\WindowsPowerShell\v1.0\;C:\WINDOWS\System32\OpenSSH\;D:\develop\jdk1.8\bin;D:\develop\sql\mysql-8.0.27-winx64\bin;D:\develop\maven\apache-maven-3.8.6\bin;D:\app\ffmpeg\ffmpeg-2022-10-10-git-f3b5277057-essentials_build\bin;D:\develop\Git\cmd;D:\develop\xshell\;C:\Program Files\dotnet\;D:\develop\TortoiseGit\bin;D:\develop\nodejs\node_global;D:\develop\xftp\;D:\develop\nodejs\;D:\develop\Microsoft VS Code\bin;D:\develop\eclipse\sts-4.19.1.RELEASE;;.]
2023-09-19 16:19:03.722  INFO 1040 --- [main] o.a.c.c.C.[Tomcat].[localhost].[/]       : Initializing Spring embedded WebApplicationContext
2023-09-19 16:19:03.723  INFO 1040 --- [main] o.s.web.context.ContextLoader            : Root WebApplicationContext: initialization completed in 1288 ms
2023-09-19 16:19:03.750  INFO 1040 --- [main] o.s.b.w.servlet.ServletRegistrationBean  : Servlet dispatcherServlet mapped to [/]
2023-09-19 16:19:03.753  INFO 1040 --- [main] o.s.b.w.servlet.FilterRegistrationBean   : Mapping filter: 'characterEncodingFilter' to: [/*]
2023-09-19 16:19:03.753  INFO 1040 --- [main] o.s.b.w.servlet.FilterRegistrationBean   : Mapping filter: 'hiddenHttpMethodFilter' to: [/*]
2023-09-19 16:19:03.753  INFO 1040 --- [main] o.s.b.w.servlet.FilterRegistrationBean   : Mapping filter: 'formContentFilter' to: [/*]
2023-09-19 16:19:03.753  INFO 1040 --- [main] o.s.b.w.servlet.FilterRegistrationBean   : Mapping filter: 'requestContextFilter' to: [/*]
2023-09-19 16:19:04.406  INFO 1040 --- [main] o.s.s.concurrent.ThreadPoolTaskExecutor  : Initializing ExecutorService 'applicationTaskExecutor'
2023-09-19 16:19:04.719  INFO 1040 --- [main] o.s.b.w.embedded.tomcat.TomcatWebServer  : Tomcat started on port(s): 8888 (http) with context path ''
2023-09-19 16:19:04.722  INFO 1040 --- [main] com.example.Application                  : Started Application in 2.686 seconds (JVM running for 3.337)
2023-09-19 16:19:04.726  INFO 1040 --- [main] com.example.common.config.OpenBrowser    : 项目启动成功……
2023-09-19 16:19:04.735  INFO 1040 --- [main] com.example.Application                  : |******************************************|
2023-09-19 16:19:04.736  INFO 1040 --- [main] com.example.Application                  : |*                                        *|
2023-09-19 16:19:04.736  INFO 1040 --- [main] com.example.Application                  : |*       希望不要报错！                    *|
2023-09-19 16:19:04.736  INFO 1040 --- [main] com.example.Application                  : |*                                        *|
2023-09-19 16:19:04.736  INFO 1040 --- [main] com.example.Application                  : |*                                        *|
2023-09-19 16:19:04.736  INFO 1040 --- [main] com.example.Application                  : |******************************************|
2023-09-19 16:19:05.230  INFO 1040 --- [http-nio-8888-exec-1] o.a.c.c.C.[Tomcat].[localhost].[/]       : Initializing Spring DispatcherServlet 'dispatcherServlet'
2023-09-19 16:19:05.230  INFO 1040 --- [http-nio-8888-exec-1] o.s.web.servlet.DispatcherServlet        : Initializing Servlet 'dispatcherServlet'
2023-09-19 16:19:05.239  INFO 1040 --- [http-nio-8888-exec-1] o.s.web.servlet.DispatcherServlet        : Completed initialization in 9 ms
2023-09-19 16:19:15.027  INFO 1040 --- [http-nio-8888-exec-2] com.zaxxer.hikari.HikariDataSource       : HikariPool-1 - Starting...
2023-09-19 16:19:15.164  INFO 1040 --- [http-nio-8888-exec-2] com.zaxxer.hikari.HikariDataSource       : HikariPool-1 - Start completed.
