2023-09-14 11:19:30.027  INFO 23472 --- [main] com.example.Application                  : Starting Application on jindeMacBook-Air.local with PID 23472 (/Users/overthemoon/Desktop/0911/07TeamB/Beeeee/target/classes started by overthemoon in /Users/overthemoon/Desktop/0911/07TeamB/Beeeee)
2023-09-14 11:19:30.032  INFO 23472 --- [main] com.example.Application                  : No active profile set, falling back to default profiles: default
2023-09-14 11:19:31.016  WARN 23472 --- [main] o.m.s.mapper.ClassPathMapperScanner      : No MyBatis mapper was found in '[com.example]' package. Please check your configuration.
2023-09-14 11:19:32.003  INFO 23472 --- [main] o.s.b.w.embedded.tomcat.TomcatWebServer  : Tomcat initialized with port(s): 8888 (http)
2023-09-14 11:19:32.025  INFO 23472 --- [main] o.apache.catalina.core.StandardService   : Starting service [Tomcat]
2023-09-14 11:19:32.025  INFO 23472 --- [main] org.apache.catalina.core.StandardEngine  : Starting Servlet Engine: Apache Tomcat/9.0.12
2023-09-14 11:19:32.035  INFO 23472 --- [main] o.a.catalina.core.AprLifecycleListener   : The APR based Apache Tomcat Native library which allows optimal performance in production environments was not found on the java.library.path: [/Users/overthemoon/Library/Java/Extensions:/Library/Java/Extensions:/Network/Library/Java/Extensions:/System/Library/Java/Extensions:/usr/lib/java:.]
2023-09-14 11:19:32.124  INFO 23472 --- [main] o.a.c.c.C.[Tomcat].[localhost].[/]       : Initializing Spring embedded WebApplicationContext
2023-09-14 11:19:32.124  INFO 23472 --- [main] o.s.web.context.ContextLoader            : Root WebApplicationContext: initialization completed in 2017 ms
2023-09-14 11:19:32.167  INFO 23472 --- [main] o.s.b.w.servlet.ServletRegistrationBean  : Servlet dispatcherServlet mapped to [/]
2023-09-14 11:19:32.171  INFO 23472 --- [main] o.s.b.w.servlet.FilterRegistrationBean   : Mapping filter: 'characterEncodingFilter' to: [/*]
2023-09-14 11:19:32.172  INFO 23472 --- [main] o.s.b.w.servlet.FilterRegistrationBean   : Mapping filter: 'hiddenHttpMethodFilter' to: [/*]
2023-09-14 11:19:32.172  INFO 23472 --- [main] o.s.b.w.servlet.FilterRegistrationBean   : Mapping filter: 'formContentFilter' to: [/*]
2023-09-14 11:19:32.172  INFO 23472 --- [main] o.s.b.w.servlet.FilterRegistrationBean   : Mapping filter: 'requestContextFilter' to: [/*]
2023-09-14 11:19:33.005  INFO 23472 --- [main] o.s.s.concurrent.ThreadPoolTaskExecutor  : Initializing ExecutorService 'applicationTaskExecutor'
2023-09-14 11:19:33.259  INFO 23472 --- [main] o.s.b.w.embedded.tomcat.TomcatWebServer  : Tomcat started on port(s): 8888 (http) with context path ''
2023-09-14 11:19:33.264  INFO 23472 --- [main] com.example.Application                  : Started Application in 3.709 seconds (JVM running for 4.7)
2023-09-14 11:19:33.266  INFO 23472 --- [main] com.example.common.config.OpenBrowser    : 项目启动成功……
2023-09-14 11:19:33.286  INFO 23472 --- [main] com.example.Application                  : |******************************************|
2023-09-14 11:19:33.292  INFO 23472 --- [main] com.example.Application                  : |*                                        *|
2023-09-14 11:19:33.292  INFO 23472 --- [main] com.example.Application                  : |*       希望不要报错！                    *|
2023-09-14 11:19:33.292  INFO 23472 --- [main] com.example.Application                  : |*                                        *|
2023-09-14 11:19:33.292  INFO 23472 --- [main] com.example.Application                  : |*                                        *|
2023-09-14 11:19:33.292  INFO 23472 --- [main] com.example.Application                  : |******************************************|
2023-09-14 11:19:34.586  INFO 23472 --- [http-nio-8888-exec-1] o.a.c.c.C.[Tomcat].[localhost].[/]       : Initializing Spring DispatcherServlet 'dispatcherServlet'
2023-09-14 11:19:34.588  INFO 23472 --- [http-nio-8888-exec-1] o.s.web.servlet.DispatcherServlet        : Initializing Servlet 'dispatcherServlet'
2023-09-14 11:19:34.603  INFO 23472 --- [http-nio-8888-exec-1] o.s.web.servlet.DispatcherServlet        : Completed initialization in 15 ms
2023-09-14 11:19:53.054  INFO 23472 --- [http-nio-8888-exec-5] com.zaxxer.hikari.HikariDataSource       : HikariPool-1 - Starting...
2023-09-14 11:19:53.263  INFO 23472 --- [http-nio-8888-exec-5] com.zaxxer.hikari.HikariDataSource       : HikariPool-1 - Start completed.
2023-09-14 11:28:04.092  INFO 23472 --- [RMI TCP Connection(18)-127.0.0.1] inMXBeanRegistrar$SpringApplicationAdmin : Application shutdown requested.
2023-09-14 11:28:04.106  INFO 23472 --- [RMI TCP Connection(18)-127.0.0.1] o.s.s.concurrent.ThreadPoolTaskExecutor  : Shutting down ExecutorService 'applicationTaskExecutor'
2023-09-14 11:28:04.111  INFO 23472 --- [RMI TCP Connection(18)-127.0.0.1] com.zaxxer.hikari.HikariDataSource       : HikariPool-1 - Shutdown initiated...
2023-09-14 11:28:04.128  INFO 23472 --- [RMI TCP Connection(18)-127.0.0.1] com.zaxxer.hikari.HikariDataSource       : HikariPool-1 - Shutdown completed.
2023-09-14 11:28:10.822  INFO 23646 --- [main] com.example.Application                  : Starting Application on jindeMacBook-Air.local with PID 23646 (/Users/overthemoon/Desktop/0911/07TeamB/Beeeee/target/classes started by overthemoon in /Users/overthemoon/Desktop/0911/07TeamB/Beeeee)
2023-09-14 11:28:10.825  INFO 23646 --- [main] com.example.Application                  : No active profile set, falling back to default profiles: default
2023-09-14 11:28:11.570  WARN 23646 --- [main] o.m.s.mapper.ClassPathMapperScanner      : No MyBatis mapper was found in '[com.example]' package. Please check your configuration.
2023-09-14 11:28:12.426  INFO 23646 --- [main] o.s.b.w.embedded.tomcat.TomcatWebServer  : Tomcat initialized with port(s): 8888 (http)
2023-09-14 11:28:12.450  INFO 23646 --- [main] o.apache.catalina.core.StandardService   : Starting service [Tomcat]
2023-09-14 11:28:12.450  INFO 23646 --- [main] org.apache.catalina.core.StandardEngine  : Starting Servlet Engine: Apache Tomcat/9.0.12
2023-09-14 11:28:12.460  INFO 23646 --- [main] o.a.catalina.core.AprLifecycleListener   : The APR based Apache Tomcat Native library which allows optimal performance in production environments was not found on the java.library.path: [/Users/overthemoon/Library/Java/Extensions:/Library/Java/Extensions:/Network/Library/Java/Extensions:/System/Library/Java/Extensions:/usr/lib/java:.]
2023-09-14 11:28:12.538  INFO 23646 --- [main] o.a.c.c.C.[Tomcat].[localhost].[/]       : Initializing Spring embedded WebApplicationContext
2023-09-14 11:28:12.538  INFO 23646 --- [main] o.s.web.context.ContextLoader            : Root WebApplicationContext: initialization completed in 1632 ms
2023-09-14 11:28:12.580  INFO 23646 --- [main] o.s.b.w.servlet.ServletRegistrationBean  : Servlet dispatcherServlet mapped to [/]
2023-09-14 11:28:12.589  INFO 23646 --- [main] o.s.b.w.servlet.FilterRegistrationBean   : Mapping filter: 'characterEncodingFilter' to: [/*]
2023-09-14 11:28:12.590  INFO 23646 --- [main] o.s.b.w.servlet.FilterRegistrationBean   : Mapping filter: 'hiddenHttpMethodFilter' to: [/*]
2023-09-14 11:28:12.590  INFO 23646 --- [main] o.s.b.w.servlet.FilterRegistrationBean   : Mapping filter: 'formContentFilter' to: [/*]
2023-09-14 11:28:12.591  INFO 23646 --- [main] o.s.b.w.servlet.FilterRegistrationBean   : Mapping filter: 'requestContextFilter' to: [/*]
2023-09-14 11:28:13.391  INFO 23646 --- [main] o.s.s.concurrent.ThreadPoolTaskExecutor  : Initializing ExecutorService 'applicationTaskExecutor'
2023-09-14 11:28:13.638  INFO 23646 --- [main] o.s.b.w.embedded.tomcat.TomcatWebServer  : Tomcat started on port(s): 8888 (http) with context path ''
2023-09-14 11:28:13.642  INFO 23646 --- [main] com.example.Application                  : Started Application in 3.267 seconds (JVM running for 4.586)
2023-09-14 11:28:13.644  INFO 23646 --- [main] com.example.common.config.OpenBrowser    : 项目启动成功……
2023-09-14 11:28:13.662  INFO 23646 --- [main] com.example.Application                  : |******************************************|
2023-09-14 11:28:13.665  INFO 23646 --- [main] com.example.Application                  : |*                                        *|
2023-09-14 11:28:13.665  INFO 23646 --- [main] com.example.Application                  : |*       希望不要报错！                    *|
2023-09-14 11:28:13.666  INFO 23646 --- [main] com.example.Application                  : |*                                        *|
2023-09-14 11:28:13.666  INFO 23646 --- [main] com.example.Application                  : |*                                        *|
2023-09-14 11:28:13.666  INFO 23646 --- [main] com.example.Application                  : |******************************************|
2023-09-14 11:28:14.491  INFO 23646 --- [http-nio-8888-exec-1] o.a.c.c.C.[Tomcat].[localhost].[/]       : Initializing Spring DispatcherServlet 'dispatcherServlet'
2023-09-14 11:28:14.492  INFO 23646 --- [http-nio-8888-exec-1] o.s.web.servlet.DispatcherServlet        : Initializing Servlet 'dispatcherServlet'
2023-09-14 11:28:14.504  INFO 23646 --- [http-nio-8888-exec-1] o.s.web.servlet.DispatcherServlet        : Completed initialization in 12 ms
2023-09-14 11:28:27.499  INFO 23646 --- [http-nio-8888-exec-4] com.zaxxer.hikari.HikariDataSource       : HikariPool-1 - Starting...
2023-09-14 11:28:27.642  INFO 23646 --- [http-nio-8888-exec-4] com.zaxxer.hikari.HikariDataSource       : HikariPool-1 - Start completed.
2023-09-14 11:34:01.435  INFO 23646 --- [RMI TCP Connection(15)-127.0.0.1] inMXBeanRegistrar$SpringApplicationAdmin : Application shutdown requested.
2023-09-14 11:34:01.447  INFO 23646 --- [RMI TCP Connection(15)-127.0.0.1] o.s.s.concurrent.ThreadPoolTaskExecutor  : Shutting down ExecutorService 'applicationTaskExecutor'
2023-09-14 11:34:01.448  INFO 23646 --- [RMI TCP Connection(15)-127.0.0.1] com.zaxxer.hikari.HikariDataSource       : HikariPool-1 - Shutdown initiated...
2023-09-14 11:34:01.457  INFO 23646 --- [RMI TCP Connection(15)-127.0.0.1] com.zaxxer.hikari.HikariDataSource       : HikariPool-1 - Shutdown completed.
2023-09-14 11:34:06.648  INFO 23745 --- [main] com.example.Application                  : Starting Application on jindeMacBook-Air.local with PID 23745 (/Users/overthemoon/Desktop/0911/07TeamB/Beeeee/target/classes started by overthemoon in /Users/overthemoon/Desktop/0911/07TeamB/Beeeee)
2023-09-14 11:34:06.651  INFO 23745 --- [main] com.example.Application                  : No active profile set, falling back to default profiles: default
2023-09-14 11:34:07.343  WARN 23745 --- [main] o.m.s.mapper.ClassPathMapperScanner      : No MyBatis mapper was found in '[com.example]' package. Please check your configuration.
2023-09-14 11:34:08.021  INFO 23745 --- [main] o.s.b.w.embedded.tomcat.TomcatWebServer  : Tomcat initialized with port(s): 8888 (http)
2023-09-14 11:34:08.044  INFO 23745 --- [main] o.apache.catalina.core.StandardService   : Starting service [Tomcat]
2023-09-14 11:34:08.044  INFO 23745 --- [main] org.apache.catalina.core.StandardEngine  : Starting Servlet Engine: Apache Tomcat/9.0.12
2023-09-14 11:34:08.052  INFO 23745 --- [main] o.a.catalina.core.AprLifecycleListener   : The APR based Apache Tomcat Native library which allows optimal performance in production environments was not found on the java.library.path: [/Users/overthemoon/Library/Java/Extensions:/Library/Java/Extensions:/Network/Library/Java/Extensions:/System/Library/Java/Extensions:/usr/lib/java:.]
2023-09-14 11:34:08.130  INFO 23745 --- [main] o.a.c.c.C.[Tomcat].[localhost].[/]       : Initializing Spring embedded WebApplicationContext
2023-09-14 11:34:08.131  INFO 23745 --- [main] o.s.web.context.ContextLoader            : Root WebApplicationContext: initialization completed in 1416 ms
2023-09-14 11:34:08.167  INFO 23745 --- [main] o.s.b.w.servlet.ServletRegistrationBean  : Servlet dispatcherServlet mapped to [/]
2023-09-14 11:34:08.170  INFO 23745 --- [main] o.s.b.w.servlet.FilterRegistrationBean   : Mapping filter: 'characterEncodingFilter' to: [/*]
2023-09-14 11:34:08.171  INFO 23745 --- [main] o.s.b.w.servlet.FilterRegistrationBean   : Mapping filter: 'hiddenHttpMethodFilter' to: [/*]
2023-09-14 11:34:08.171  INFO 23745 --- [main] o.s.b.w.servlet.FilterRegistrationBean   : Mapping filter: 'formContentFilter' to: [/*]
2023-09-14 11:34:08.171  INFO 23745 --- [main] o.s.b.w.servlet.FilterRegistrationBean   : Mapping filter: 'requestContextFilter' to: [/*]
2023-09-14 11:34:08.997  INFO 23745 --- [main] o.s.s.concurrent.ThreadPoolTaskExecutor  : Initializing ExecutorService 'applicationTaskExecutor'
2023-09-14 11:34:09.254  INFO 23745 --- [main] o.s.b.w.embedded.tomcat.TomcatWebServer  : Tomcat started on port(s): 8888 (http) with context path ''
2023-09-14 11:34:09.257  INFO 23745 --- [main] com.example.Application                  : Started Application in 3.044 seconds (JVM running for 4.125)
2023-09-14 11:34:09.259  INFO 23745 --- [main] com.example.common.config.OpenBrowser    : 项目启动成功……
2023-09-14 11:34:09.278  INFO 23745 --- [main] com.example.Application                  : |******************************************|
2023-09-14 11:34:09.282  INFO 23745 --- [main] com.example.Application                  : |*                                        *|
2023-09-14 11:34:09.282  INFO 23745 --- [main] com.example.Application                  : |*       希望不要报错！                    *|
2023-09-14 11:34:09.283  INFO 23745 --- [main] com.example.Application                  : |*                                        *|
2023-09-14 11:34:09.283  INFO 23745 --- [main] com.example.Application                  : |*                                        *|
2023-09-14 11:34:09.283  INFO 23745 --- [main] com.example.Application                  : |******************************************|
2023-09-14 11:34:10.592  INFO 23745 --- [http-nio-8888-exec-1] o.a.c.c.C.[Tomcat].[localhost].[/]       : Initializing Spring DispatcherServlet 'dispatcherServlet'
2023-09-14 11:34:10.606  INFO 23745 --- [http-nio-8888-exec-1] o.s.web.servlet.DispatcherServlet        : Initializing Servlet 'dispatcherServlet'
2023-09-14 11:34:10.625  INFO 23745 --- [http-nio-8888-exec-1] o.s.web.servlet.DispatcherServlet        : Completed initialization in 19 ms
2023-09-14 11:34:28.849  INFO 23745 --- [http-nio-8888-exec-3] com.zaxxer.hikari.HikariDataSource       : HikariPool-1 - Starting...
2023-09-14 11:34:28.950  INFO 23745 --- [http-nio-8888-exec-3] com.zaxxer.hikari.HikariDataSource       : HikariPool-1 - Start completed.
2023-09-14 15:54:02.831  INFO 23745 --- [RMI TCP Connection(269)-127.0.0.1] inMXBeanRegistrar$SpringApplicationAdmin : Application shutdown requested.
2023-09-14 15:54:02.893  INFO 23745 --- [RMI TCP Connection(269)-127.0.0.1] o.s.s.concurrent.ThreadPoolTaskExecutor  : Shutting down ExecutorService 'applicationTaskExecutor'
2023-09-14 15:54:02.898  INFO 23745 --- [RMI TCP Connection(269)-127.0.0.1] com.zaxxer.hikari.HikariDataSource       : HikariPool-1 - Shutdown initiated...
2023-09-14 15:54:02.923  INFO 23745 --- [RMI TCP Connection(269)-127.0.0.1] com.zaxxer.hikari.HikariDataSource       : HikariPool-1 - Shutdown completed.
2023-09-14 15:54:09.994  INFO 28916 --- [main] com.example.Application                  : Starting Application on jindeMacBook-Air.local with PID 28916 (/Users/overthemoon/Desktop/0911/07TeamB/Beeeee/target/classes started by overthemoon in /Users/overthemoon/Desktop/0911/07TeamB/Beeeee)
2023-09-14 15:54:09.997  INFO 28916 --- [main] com.example.Application                  : No active profile set, falling back to default profiles: default
2023-09-14 15:54:10.761  WARN 28916 --- [main] o.m.s.mapper.ClassPathMapperScanner      : No MyBatis mapper was found in '[com.example]' package. Please check your configuration.
2023-09-14 15:54:11.545  INFO 28916 --- [main] o.s.b.w.embedded.tomcat.TomcatWebServer  : Tomcat initialized with port(s): 8888 (http)
2023-09-14 15:54:11.572  INFO 28916 --- [main] o.apache.catalina.core.StandardService   : Starting service [Tomcat]
2023-09-14 15:54:11.573  INFO 28916 --- [main] org.apache.catalina.core.StandardEngine  : Starting Servlet Engine: Apache Tomcat/9.0.12
2023-09-14 15:54:11.582  INFO 28916 --- [main] o.a.catalina.core.AprLifecycleListener   : The APR based Apache Tomcat Native library which allows optimal performance in production environments was not found on the java.library.path: [/Users/overthemoon/Library/Java/Extensions:/Library/Java/Extensions:/Network/Library/Java/Extensions:/System/Library/Java/Extensions:/usr/lib/java:.]
2023-09-14 15:54:11.672  INFO 28916 --- [main] o.a.c.c.C.[Tomcat].[localhost].[/]       : Initializing Spring embedded WebApplicationContext
2023-09-14 15:54:11.672  INFO 28916 --- [main] o.s.web.context.ContextLoader            : Root WebApplicationContext: initialization completed in 1597 ms
2023-09-14 15:54:11.724  INFO 28916 --- [main] o.s.b.w.servlet.ServletRegistrationBean  : Servlet dispatcherServlet mapped to [/]
2023-09-14 15:54:11.736  INFO 28916 --- [main] o.s.b.w.servlet.FilterRegistrationBean   : Mapping filter: 'characterEncodingFilter' to: [/*]
2023-09-14 15:54:11.738  INFO 28916 --- [main] o.s.b.w.servlet.FilterRegistrationBean   : Mapping filter: 'hiddenHttpMethodFilter' to: [/*]
2023-09-14 15:54:11.738  INFO 28916 --- [main] o.s.b.w.servlet.FilterRegistrationBean   : Mapping filter: 'formContentFilter' to: [/*]
2023-09-14 15:54:11.738  INFO 28916 --- [main] o.s.b.w.servlet.FilterRegistrationBean   : Mapping filter: 'requestContextFilter' to: [/*]
2023-09-14 15:54:12.553  INFO 28916 --- [main] o.s.s.concurrent.ThreadPoolTaskExecutor  : Initializing ExecutorService 'applicationTaskExecutor'
2023-09-14 15:54:12.839  INFO 28916 --- [main] o.s.b.w.embedded.tomcat.TomcatWebServer  : Tomcat started on port(s): 8888 (http) with context path ''
2023-09-14 15:54:12.844  INFO 28916 --- [main] com.example.Application                  : Started Application in 3.36 seconds (JVM running for 4.538)
2023-09-14 15:54:12.846  INFO 28916 --- [main] com.example.common.config.OpenBrowser    : 项目启动成功……
2023-09-14 15:54:12.865  INFO 28916 --- [main] com.example.Application                  : |******************************************|
2023-09-14 15:54:12.869  INFO 28916 --- [main] com.example.Application                  : |*                                        *|
2023-09-14 15:54:12.869  INFO 28916 --- [main] com.example.Application                  : |*       希望不要报错！                    *|
2023-09-14 15:54:12.869  INFO 28916 --- [main] com.example.Application                  : |*                                        *|
2023-09-14 15:54:12.869  INFO 28916 --- [main] com.example.Application                  : |*                                        *|
2023-09-14 15:54:12.869  INFO 28916 --- [main] com.example.Application                  : |******************************************|
2023-09-14 15:54:13.616  INFO 28916 --- [http-nio-8888-exec-1] o.a.c.c.C.[Tomcat].[localhost].[/]       : Initializing Spring DispatcherServlet 'dispatcherServlet'
2023-09-14 15:54:13.618  INFO 28916 --- [http-nio-8888-exec-1] o.s.web.servlet.DispatcherServlet        : Initializing Servlet 'dispatcherServlet'
2023-09-14 15:54:13.635  INFO 28916 --- [http-nio-8888-exec-1] o.s.web.servlet.DispatcherServlet        : Completed initialization in 17 ms
2023-09-14 15:54:17.980  INFO 28916 --- [http-nio-8888-exec-5] com.zaxxer.hikari.HikariDataSource       : HikariPool-1 - Starting...
2023-09-14 15:54:18.136  INFO 28916 --- [http-nio-8888-exec-5] com.zaxxer.hikari.HikariDataSource       : HikariPool-1 - Start completed.
2023-09-14 16:50:58.547  INFO 28916 --- [RMI TCP Connection(66)-127.0.0.1] inMXBeanRegistrar$SpringApplicationAdmin : Application shutdown requested.
2023-09-14 16:50:58.580  INFO 28916 --- [RMI TCP Connection(66)-127.0.0.1] o.s.s.concurrent.ThreadPoolTaskExecutor  : Shutting down ExecutorService 'applicationTaskExecutor'
2023-09-14 16:50:58.582  INFO 28916 --- [RMI TCP Connection(66)-127.0.0.1] com.zaxxer.hikari.HikariDataSource       : HikariPool-1 - Shutdown initiated...
2023-09-14 16:50:58.614  INFO 28916 --- [RMI TCP Connection(66)-127.0.0.1] com.zaxxer.hikari.HikariDataSource       : HikariPool-1 - Shutdown completed.
2023-09-14 16:51:05.433  INFO 30080 --- [main] com.example.Application                  : Starting Application on jindeMacBook-Air.local with PID 30080 (/Users/overthemoon/Desktop/0911/07TeamB/Beeeee/target/classes started by overthemoon in /Users/overthemoon/Desktop/0911/07TeamB/Beeeee)
2023-09-14 16:51:05.436  INFO 30080 --- [main] com.example.Application                  : No active profile set, falling back to default profiles: default
2023-09-14 16:51:06.205  WARN 30080 --- [main] o.m.s.mapper.ClassPathMapperScanner      : No MyBatis mapper was found in '[com.example]' package. Please check your configuration.
2023-09-14 16:51:06.969  INFO 30080 --- [main] o.s.b.w.embedded.tomcat.TomcatWebServer  : Tomcat initialized with port(s): 8888 (http)
2023-09-14 16:51:06.990  INFO 30080 --- [main] o.apache.catalina.core.StandardService   : Starting service [Tomcat]
2023-09-14 16:51:06.990  INFO 30080 --- [main] org.apache.catalina.core.StandardEngine  : Starting Servlet Engine: Apache Tomcat/9.0.12
2023-09-14 16:51:06.997  INFO 30080 --- [main] o.a.catalina.core.AprLifecycleListener   : The APR based Apache Tomcat Native library which allows optimal performance in production environments was not found on the java.library.path: [/Users/overthemoon/Library/Java/Extensions:/Library/Java/Extensions:/Network/Library/Java/Extensions:/System/Library/Java/Extensions:/usr/lib/java:.]
2023-09-14 16:51:07.073  INFO 30080 --- [main] o.a.c.c.C.[Tomcat].[localhost].[/]       : Initializing Spring embedded WebApplicationContext
2023-09-14 16:51:07.073  INFO 30080 --- [main] o.s.web.context.ContextLoader            : Root WebApplicationContext: initialization completed in 1552 ms
2023-09-14 16:51:07.112  INFO 30080 --- [main] o.s.b.w.servlet.ServletRegistrationBean  : Servlet dispatcherServlet mapped to [/]
2023-09-14 16:51:07.116  INFO 30080 --- [main] o.s.b.w.servlet.FilterRegistrationBean   : Mapping filter: 'characterEncodingFilter' to: [/*]
2023-09-14 16:51:07.116  INFO 30080 --- [main] o.s.b.w.servlet.FilterRegistrationBean   : Mapping filter: 'hiddenHttpMethodFilter' to: [/*]
2023-09-14 16:51:07.116  INFO 30080 --- [main] o.s.b.w.servlet.FilterRegistrationBean   : Mapping filter: 'formContentFilter' to: [/*]
2023-09-14 16:51:07.116  INFO 30080 --- [main] o.s.b.w.servlet.FilterRegistrationBean   : Mapping filter: 'requestContextFilter' to: [/*]
2023-09-14 16:51:07.956  INFO 30080 --- [main] o.s.s.concurrent.ThreadPoolTaskExecutor  : Initializing ExecutorService 'applicationTaskExecutor'
2023-09-14 16:51:08.225  INFO 30080 --- [main] o.s.b.w.embedded.tomcat.TomcatWebServer  : Tomcat started on port(s): 8888 (http) with context path ''
2023-09-14 16:51:08.230  INFO 30080 --- [main] com.example.Application                  : Started Application in 3.268 seconds (JVM running for 4.22)
2023-09-14 16:51:08.231  INFO 30080 --- [main] com.example.common.config.OpenBrowser    : 项目启动成功……
2023-09-14 16:51:08.250  INFO 30080 --- [main] com.example.Application                  : |******************************************|
2023-09-14 16:51:08.250  INFO 30080 --- [main] com.example.Application                  : |*                                        *|
2023-09-14 16:51:08.250  INFO 30080 --- [main] com.example.Application                  : |*       希望不要报错！                    *|
2023-09-14 16:51:08.250  INFO 30080 --- [main] com.example.Application                  : |*                                        *|
2023-09-14 16:51:08.250  INFO 30080 --- [main] com.example.Application                  : |*                                        *|
2023-09-14 16:51:08.251  INFO 30080 --- [main] com.example.Application                  : |******************************************|
2023-09-14 16:51:09.237  INFO 30080 --- [http-nio-8888-exec-1] o.a.c.c.C.[Tomcat].[localhost].[/]       : Initializing Spring DispatcherServlet 'dispatcherServlet'
2023-09-14 16:51:09.244  INFO 30080 --- [http-nio-8888-exec-1] o.s.web.servlet.DispatcherServlet        : Initializing Servlet 'dispatcherServlet'
2023-09-14 16:51:09.276  INFO 30080 --- [http-nio-8888-exec-1] o.s.web.servlet.DispatcherServlet        : Completed initialization in 32 ms
2023-09-14 16:51:15.723  INFO 30080 --- [http-nio-8888-exec-4] com.zaxxer.hikari.HikariDataSource       : HikariPool-1 - Starting...
2023-09-14 16:51:15.854  INFO 30080 --- [http-nio-8888-exec-4] com.zaxxer.hikari.HikariDataSource       : HikariPool-1 - Start completed.
